=== puma startup: 2018-01-06 03:24:58 +0000 ===
=== puma startup: 2018-01-06 03:24:58 +0000 ===
* Listening on unix:///home/deploy/wine-grape/shared/tmp/sockets/wine-grape-puma.sock
=== puma startup: 2018-01-06 03:40:46 +0000 ===
=== puma startup: 2018-01-06 03:40:46 +0000 ===
* Listening on unix:///home/deploy/wine-grape/shared/tmp/sockets/wine-grape-puma.sock
bundler: failed to load command: puma (/home/deploy/wine-grape/shared/bundle/ruby/2.3.0/bin/puma)
* Restarting...
Refreshing Gemfile
Puma starting in single mode...
* Version 3.11.0 (ruby 2.3.1-p112), codename: Love Song
* Min threads: 4, max threads: 16
* Environment: production
* Daemonizing...
=== puma startup: 2018-01-06 03:40:51 +0000 ===
* Inherited unix:///home/deploy/wine-grape/shared/tmp/sockets/wine-grape-puma.sock
=== puma startup: 2018-01-06 05:13:39 +0000 ===
=== puma startup: 2018-01-06 05:13:39 +0000 ===
* Listening on unix:///home/deploy/wine-grape/shared/tmp/sockets/wine-grape-puma.sock
bundler: failed to load command: puma (/home/deploy/wine-grape/shared/bundle/ruby/2.3.0/bin/puma)
* Restarting...
Refreshing Gemfile
Puma starting in single mode...
* Version 3.11.0 (ruby 2.3.1-p112), codename: Love Song
* Min threads: 4, max threads: 16
* Environment: production
* Daemonizing...
=== puma startup: 2018-01-06 05:13:44 +0000 ===
* Inherited unix:///home/deploy/wine-grape/shared/tmp/sockets/wine-grape-puma.sock
* Restarting...
Refreshing Gemfile
Puma starting in single mode...
* Version 3.11.0 (ruby 2.3.1-p112), codename: Love Song
* Min threads: 4, max threads: 16
* Environment: production
* Daemonizing...
=== puma startup: 2018-01-08 01:03:51 +0000 ===
* Inherited unix:///home/deploy/wine-grape/shared/tmp/sockets/wine-grape-puma.sock
* Restarting...
Refreshing Gemfile
Puma starting in single mode...
* Version 3.11.0 (ruby 2.3.1-p112), codename: Love Song
* Min threads: 4, max threads: 16
* Environment: production
* Daemonizing...
=== puma startup: 2018-01-08 01:48:49 +0000 ===
* Inherited unix:///home/deploy/wine-grape/shared/tmp/sockets/wine-grape-puma.sock
* Restarting...
Refreshing Gemfile
Puma starting in single mode...
* Version 3.11.0 (ruby 2.3.1-p112), codename: Love Song
* Min threads: 4, max threads: 16
* Environment: production
* Daemonizing...
=== puma startup: 2018-01-08 14:24:21 +0000 ===
* Inherited unix:///home/deploy/wine-grape/shared/tmp/sockets/wine-grape-puma.sock
* Restarting...
Refreshing Gemfile
Puma starting in single mode...
* Version 3.11.0 (ruby 2.3.1-p112), codename: Love Song
* Min threads: 4, max threads: 16
* Environment: production
* Daemonizing...
=== puma startup: 2018-01-08 14:29:41 +0000 ===
* Inherited unix:///home/deploy/wine-grape/shared/tmp/sockets/wine-grape-puma.sock
* Restarting...
Refreshing Gemfile
Puma starting in single mode...
* Version 3.11.0 (ruby 2.3.1-p112), codename: Love Song
* Min threads: 4, max threads: 16
* Environment: production
* Daemonizing...
=== puma startup: 2018-01-08 19:43:22 +0000 ===
* Inherited unix:///home/deploy/wine-grape/shared/tmp/sockets/wine-grape-puma.sock
* Restarting...
Refreshing Gemfile
Puma starting in single mode...
* Version 3.11.0 (ruby 2.3.1-p112), codename: Love Song
* Min threads: 4, max threads: 16
* Environment: production
* Daemonizing...
=== puma startup: 2018-01-11 01:27:08 +0000 ===
* Inherited unix:///home/deploy/wine-grape/shared/tmp/sockets/wine-grape-puma.sock
* Restarting...
Refreshing Gemfile
Puma starting in single mode...
* Version 3.11.0 (ruby 2.3.1-p112), codename: Love Song
* Min threads: 4, max threads: 16
* Environment: production
* Daemonizing...
=== puma startup: 2018-01-11 02:13:06 +0000 ===
* Inherited unix:///home/deploy/wine-grape/shared/tmp/sockets/wine-grape-puma.sock
* Restarting...
Refreshing Gemfile
Puma starting in single mode...
* Version 3.11.0 (ruby 2.3.1-p112), codename: Love Song
* Min threads: 4, max threads: 16
* Environment: production
* Daemonizing...
=== puma startup: 2018-01-11 05:06:14 +0000 ===
* Inherited unix:///home/deploy/wine-grape/shared/tmp/sockets/wine-grape-puma.sock
- Gracefully stopping, waiting for requests to finish
=== puma shutdown: 2018-01-11 10:45:06 +0000 ===
- Goodbye!
=== puma startup: 2018-01-11 11:05:22 +0000 ====== puma startup: 2018-01-11 11:05:22 +0000 ===

* Listening on unix:///home/deploy/wine-grape/shared/tmp/sockets/wine-grape-puma.sock
* Restarting...
Refreshing Gemfile
Puma starting in single mode...
* Version 3.11.0 (ruby 2.3.1-p112), codename: Love Song
* Min threads: 4, max threads: 16
* Environment: production
* Daemonizing...
=== puma startup: 2018-01-11 14:07:23 +0000 ===
* Inherited unix:///home/deploy/wine-grape/shared/tmp/sockets/wine-grape-puma.sock
* Restarting...
Refreshing Gemfile
Puma starting in single mode...
* Version 3.11.0 (ruby 2.3.1-p112), codename: Love Song
* Min threads: 4, max threads: 16
* Environment: production
* Daemonizing...
=== puma startup: 2018-01-11 15:39:15 +0000 ===
* Inherited unix:///home/deploy/wine-grape/shared/tmp/sockets/wine-grape-puma.sock
* Restarting...
Refreshing Gemfile
Puma starting in single mode...
* Version 3.11.0 (ruby 2.3.1-p112), codename: Love Song
* Min threads: 4, max threads: 16
* Environment: production
* Daemonizing...
=== puma startup: 2018-01-11 15:59:40 +0000 ===
* Inherited unix:///home/deploy/wine-grape/shared/tmp/sockets/wine-grape-puma.sock
* Restarting...
Refreshing Gemfile
Puma starting in single mode...
* Version 3.11.0 (ruby 2.3.1-p112), codename: Love Song
* Min threads: 4, max threads: 16
* Environment: production
* Daemonizing...
=== puma startup: 2018-01-11 16:23:32 +0000 ===
* Inherited unix:///home/deploy/wine-grape/shared/tmp/sockets/wine-grape-puma.sock
* Restarting...
Refreshing Gemfile
Puma starting in single mode...
* Version 3.11.0 (ruby 2.3.1-p112), codename: Love Song
* Min threads: 4, max threads: 16
* Environment: production
* Daemonizing...
=== puma startup: 2018-01-11 16:30:33 +0000 ===
* Inherited unix:///home/deploy/wine-grape/shared/tmp/sockets/wine-grape-puma.sock
* Restarting...
Refreshing Gemfile
Puma starting in single mode...
* Version 3.11.0 (ruby 2.3.1-p112), codename: Love Song
* Min threads: 4, max threads: 16
* Environment: production
* Daemonizing...
=== puma startup: 2018-01-12 01:46:10 +0000 ===
* Inherited unix:///home/deploy/wine-grape/shared/tmp/sockets/wine-grape-puma.sock
* Restarting...
Refreshing Gemfile
Puma starting in single mode...
* Version 3.11.0 (ruby 2.3.1-p112), codename: Love Song
* Min threads: 4, max threads: 16
* Environment: production
* Daemonizing...
=== puma startup: 2018-01-12 02:32:28 +0000 ===
* Inherited unix:///home/deploy/wine-grape/shared/tmp/sockets/wine-grape-puma.sock
* Restarting...
Refreshing Gemfile
Puma starting in single mode...
* Version 3.11.0 (ruby 2.3.1-p112), codename: Love Song
* Min threads: 4, max threads: 16
* Environment: production
* Daemonizing...
=== puma startup: 2018-01-12 02:38:28 +0000 ===
* Inherited unix:///home/deploy/wine-grape/shared/tmp/sockets/wine-grape-puma.sock
- Gracefully stopping, waiting for requests to finish
=== puma shutdown: 2018-01-12 02:47:28 +0000 ===
- Goodbye!
=== puma startup: 2018-01-12 02:59:22 +0000 ====== puma startup: 2018-01-12 02:59:22 +0000 ===

* Listening on unix:///home/deploy/wine-grape/shared/tmp/sockets/wine-grape-puma.sock
* Restarting...
Refreshing Gemfile
Puma starting in single mode...
* Version 3.11.0 (ruby 2.3.1-p112), codename: Love Song
* Min threads: 4, max threads: 16
* Environment: production
* Daemonizing...
=== puma startup: 2018-01-12 03:15:30 +0000 ===
* Inherited unix:///home/deploy/wine-grape/shared/tmp/sockets/wine-grape-puma.sock
* Restarting...
Refreshing Gemfile
Puma starting in single mode...
* Version 3.11.0 (ruby 2.3.1-p112), codename: Love Song
* Min threads: 4, max threads: 16
* Environment: production
* Daemonizing...
=== puma startup: 2018-01-12 03:35:52 +0000 ===
* Inherited unix:///home/deploy/wine-grape/shared/tmp/sockets/wine-grape-puma.sock
* Restarting...
Refreshing Gemfile
Puma starting in single mode...
* Version 3.11.0 (ruby 2.3.1-p112), codename: Love Song
* Min threads: 4, max threads: 16
* Environment: production
* Daemonizing...
=== puma startup: 2018-01-12 03:47:22 +0000 ===
* Inherited unix:///home/deploy/wine-grape/shared/tmp/sockets/wine-grape-puma.sock
* Restarting...
Refreshing Gemfile
Puma starting in single mode...
* Version 3.11.0 (ruby 2.3.1-p112), codename: Love Song
* Min threads: 4, max threads: 16
* Environment: production
* Daemonizing...
=== puma startup: 2018-01-12 04:50:22 +0000 ===
* Inherited unix:///home/deploy/wine-grape/shared/tmp/sockets/wine-grape-puma.sock
* Restarting...
Refreshing Gemfile
Puma starting in single mode...
* Version 3.11.0 (ruby 2.3.1-p112), codename: Love Song
* Min threads: 4, max threads: 16
* Environment: production
* Daemonizing...
=== puma startup: 2018-01-12 05:09:11 +0000 ===
* Inherited unix:///home/deploy/wine-grape/shared/tmp/sockets/wine-grape-puma.sock
* Restarting...
Refreshing Gemfile
Puma starting in single mode...
* Version 3.11.0 (ruby 2.3.1-p112), codename: Love Song
* Min threads: 4, max threads: 16
* Environment: production
* Daemonizing...
=== puma startup: 2018-01-12 11:27:54 +0000 ===
* Inherited unix:///home/deploy/wine-grape/shared/tmp/sockets/wine-grape-puma.sock
* Restarting...
Refreshing Gemfile
Puma starting in single mode...
* Version 3.11.0 (ruby 2.3.1-p112), codename: Love Song
* Min threads: 4, max threads: 16
* Environment: production
* Daemonizing...
=== puma startup: 2018-01-12 11:56:26 +0000 ===
* Inherited unix:///home/deploy/wine-grape/shared/tmp/sockets/wine-grape-puma.sock
* Restarting...
Refreshing Gemfile
Puma starting in single mode...
* Version 3.11.0 (ruby 2.3.1-p112), codename: Love Song
* Min threads: 4, max threads: 16
* Environment: production
* Daemonizing...
=== puma startup: 2018-01-12 12:11:16 +0000 ===
* Inherited unix:///home/deploy/wine-grape/shared/tmp/sockets/wine-grape-puma.sock
=== puma startup: 2018-01-13 14:52:19 +0000 ===
- Gracefully stopping, waiting for requests to finish
=== puma shutdown: 2018-01-13 14:52:19 +0000 ===
- Goodbye!
=== puma startup: 2018-01-13 15:38:43 +0000 ====== puma startup: 2018-01-13 15:38:43 +0000 ===

* Listening on unix:///home/deploy/wine-grape/shared/tmp/sockets/wine-grape-puma.sock
* Restarting...
Refreshing Gemfile
Puma starting in single mode...
* Version 3.11.0 (ruby 2.3.1-p112), codename: Love Song
* Min threads: 4, max threads: 16
* Environment: production
* Daemonizing...
=== puma startup: 2018-01-13 19:24:31 +0000 ===
* Inherited unix:///home/deploy/wine-grape/shared/tmp/sockets/wine-grape-puma.sock
* Restarting...
Refreshing Gemfile
Puma starting in single mode...
* Version 3.11.0 (ruby 2.3.1-p112), codename: Love Song
* Min threads: 4, max threads: 16
* Environment: production
* Daemonizing...
=== puma startup: 2018-01-13 20:15:18 +0000 ===
* Inherited unix:///home/deploy/wine-grape/shared/tmp/sockets/wine-grape-puma.sock
* Restarting...
Refreshing Gemfile
Puma starting in single mode...
* Version 3.11.0 (ruby 2.3.1-p112), codename: Love Song
* Min threads: 4, max threads: 16
* Environment: production
* Daemonizing...
=== puma startup: 2018-01-13 21:15:30 +0000 ===
* Inherited unix:///home/deploy/wine-grape/shared/tmp/sockets/wine-grape-puma.sock
* Restarting...
Refreshing Gemfile
Puma starting in single mode...
* Version 3.11.0 (ruby 2.3.1-p112), codename: Love Song
* Min threads: 4, max threads: 16
* Environment: production
* Daemonizing...
=== puma startup: 2018-01-13 21:23:52 +0000 ===
* Inherited unix:///home/deploy/wine-grape/shared/tmp/sockets/wine-grape-puma.sock
* Restarting...
Refreshing Gemfile
Puma starting in single mode...
* Version 3.11.0 (ruby 2.3.1-p112), codename: Love Song
* Min threads: 4, max threads: 16
* Environment: production
* Daemonizing...
=== puma startup: 2018-01-13 21:52:31 +0000 ===
* Inherited unix:///home/deploy/wine-grape/shared/tmp/sockets/wine-grape-puma.sock
* Restarting...
Refreshing Gemfile
Puma starting in single mode...
* Version 3.11.0 (ruby 2.3.1-p112), codename: Love Song
* Min threads: 4, max threads: 16
* Environment: production
* Daemonizing...
=== puma startup: 2018-01-13 21:58:36 +0000 ===
* Inherited unix:///home/deploy/wine-grape/shared/tmp/sockets/wine-grape-puma.sock
* Restarting...
Refreshing Gemfile
Puma starting in single mode...
* Version 3.11.0 (ruby 2.3.1-p112), codename: Love Song
* Min threads: 4, max threads: 16
* Environment: production
* Daemonizing...
=== puma startup: 2018-01-13 22:04:43 +0000 ===
* Inherited unix:///home/deploy/wine-grape/shared/tmp/sockets/wine-grape-puma.sock
* Restarting...
Refreshing Gemfile
Puma starting in single mode...
* Version 3.11.0 (ruby 2.3.1-p112), codename: Love Song
* Min threads: 4, max threads: 16
* Environment: production
* Daemonizing...
=== puma startup: 2018-01-15 07:08:36 +0000 ===
* Inherited unix:///home/deploy/wine-grape/shared/tmp/sockets/wine-grape-puma.sock
* Restarting...
Refreshing Gemfile
Puma starting in single mode...
* Version 3.11.0 (ruby 2.3.1-p112), codename: Love Song
* Min threads: 4, max threads: 16
* Environment: production
* Daemonizing...
=== puma startup: 2018-01-15 10:05:48 +0000 ===
* Inherited unix:///home/deploy/wine-grape/shared/tmp/sockets/wine-grape-puma.sock
* Restarting...
Refreshing Gemfile
Puma starting in single mode...
* Version 3.11.0 (ruby 2.3.1-p112), codename: Love Song
* Min threads: 4, max threads: 16
* Environment: production
* Daemonizing...
=== puma startup: 2018-01-15 10:11:52 +0000 ===
* Inherited unix:///home/deploy/wine-grape/shared/tmp/sockets/wine-grape-puma.sock
* Restarting...
Refreshing Gemfile
Puma starting in single mode...
* Version 3.11.0 (ruby 2.3.1-p112), codename: Love Song
* Min threads: 4, max threads: 16
* Environment: production
* Daemonizing...
=== puma startup: 2018-01-15 10:23:27 +0000 ===
* Inherited unix:///home/deploy/wine-grape/shared/tmp/sockets/wine-grape-puma.sock
* Restarting...
Refreshing Gemfile
Puma starting in single mode...
* Version 3.11.0 (ruby 2.3.1-p112), codename: Love Song
* Min threads: 4, max threads: 16
* Environment: production
* Daemonizing...
=== puma startup: 2018-01-16 11:21:18 +0000 ===
* Inherited unix:///home/deploy/wine-grape/shared/tmp/sockets/wine-grape-puma.sock
* Restarting...
Refreshing Gemfile
Puma starting in single mode...
* Version 3.11.0 (ruby 2.3.1-p112), codename: Love Song
* Min threads: 4, max threads: 16
* Environment: production
* Daemonizing...
=== puma startup: 2018-01-16 11:47:20 +0000 ===
* Inherited unix:///home/deploy/wine-grape/shared/tmp/sockets/wine-grape-puma.sock
* Restarting...
Refreshing Gemfile
Puma starting in single mode...
* Version 3.11.0 (ruby 2.3.1-p112), codename: Love Song
* Min threads: 4, max threads: 16
* Environment: production
* Daemonizing...
=== puma startup: 2018-01-16 14:17:32 +0000 ===
* Inherited unix:///home/deploy/wine-grape/shared/tmp/sockets/wine-grape-puma.sock
* Restarting...
Refreshing Gemfile
Puma starting in single mode...
* Version 3.11.0 (ruby 2.3.1-p112), codename: Love Song
* Min threads: 4, max threads: 16
* Environment: production
* Daemonizing...
=== puma startup: 2018-01-16 15:03:00 +0000 ===
* Inherited unix:///home/deploy/wine-grape/shared/tmp/sockets/wine-grape-puma.sock
* Restarting...
Refreshing Gemfile
Puma starting in single mode...
* Version 3.11.0 (ruby 2.3.1-p112), codename: Love Song
* Min threads: 4, max threads: 16
* Environment: production
* Daemonizing...
=== puma startup: 2018-01-16 15:09:00 +0000 ===
* Inherited unix:///home/deploy/wine-grape/shared/tmp/sockets/wine-grape-puma.sock
- Gracefully stopping, waiting for requests to finish
=== puma shutdown: 2018-01-19 04:00:37 +0000 ===
- Goodbye!
=== puma startup: 2018-01-19 04:00:37 +0000 ===
=== puma startup: 2018-01-20 01:46:58 +0000 ====== puma startup: 2018-01-20 01:46:58 +0000 ===

* Listening on unix:///home/deploy/wine-grape/shared/tmp/sockets/wine-grape-puma.sock
* Restarting...
Refreshing Gemfile
Puma starting in single mode...
* Version 3.11.0 (ruby 2.3.1-p112), codename: Love Song
* Min threads: 4, max threads: 16
* Environment: production
* Daemonizing...
=== puma startup: 2018-01-20 16:36:02 +0000 ===
* Inherited unix:///home/deploy/wine-grape/shared/tmp/sockets/wine-grape-puma.sock
* Restarting...
Refreshing Gemfile
Puma starting in single mode...
* Version 3.11.0 (ruby 2.3.1-p112), codename: Love Song
* Min threads: 4, max threads: 16
* Environment: production
* Daemonizing...
=== puma startup: 2018-01-20 16:43:52 +0000 ===
* Inherited unix:///home/deploy/wine-grape/shared/tmp/sockets/wine-grape-puma.sock
* Restarting...
Refreshing Gemfile
Puma starting in single mode...
* Version 3.11.0 (ruby 2.3.1-p112), codename: Love Song
* Min threads: 4, max threads: 16
* Environment: production
* Daemonizing...
=== puma startup: 2018-01-20 16:48:19 +0000 ===
* Inherited unix:///home/deploy/wine-grape/shared/tmp/sockets/wine-grape-puma.sock
- Gracefully stopping, waiting for requests to finish
=== puma shutdown: 2018-05-01 22:08:01 +0000 ===
- Goodbye!
=== puma startup: 2018-05-01 22:08:01 +0000 ===
